mode: set
github.com/example/nginx-operator/controllers/nginxoperator_controller.go:56.105,66.42 4 0
github.com/example/nginx-operator/controllers/nginxoperator_controller.go:81.2,86.42 4 0
github.com/example/nginx-operator/controllers/nginxoperator_controller.go:102.2,105.37 3 0
github.com/example/nginx-operator/controllers/nginxoperator_controller.go:108.2,108.33 1 0
github.com/example/nginx-operator/controllers/nginxoperator_controller.go:111.2,113.12 2 0
github.com/example/nginx-operator/controllers/nginxoperator_controller.go:118.2,118.16 1 0
github.com/example/nginx-operator/controllers/nginxoperator_controller.go:129.2,141.16 4 0
github.com/example/nginx-operator/controllers/nginxoperator_controller.go:145.2,148.16 2 0
github.com/example/nginx-operator/controllers/nginxoperator_controller.go:152.2,152.97 1 0
github.com/example/nginx-operator/controllers/nginxoperator_controller.go:66.42,69.3 2 0
github.com/example/nginx-operator/controllers/nginxoperator_controller.go:69.8,69.23 1 0
github.com/example/nginx-operator/controllers/nginxoperator_controller.go:69.23,79.3 3 0
github.com/example/nginx-operator/controllers/nginxoperator_controller.go:86.42,90.3 2 0
github.com/example/nginx-operator/controllers/nginxoperator_controller.go:90.8,90.23 1 0
github.com/example/nginx-operator/controllers/nginxoperator_controller.go:90.23,100.3 3 0
github.com/example/nginx-operator/controllers/nginxoperator_controller.go:105.37,107.3 1 0
github.com/example/nginx-operator/controllers/nginxoperator_controller.go:108.33,110.3 1 0
github.com/example/nginx-operator/controllers/nginxoperator_controller.go:113.12,115.3 1 0
github.com/example/nginx-operator/controllers/nginxoperator_controller.go:115.8,117.3 1 0
github.com/example/nginx-operator/controllers/nginxoperator_controller.go:118.16,127.3 2 0
github.com/example/nginx-operator/controllers/nginxoperator_controller.go:141.16,143.3 1 0
github.com/example/nginx-operator/controllers/nginxoperator_controller.go:148.16,150.3 1 0
github.com/example/nginx-operator/controllers/nginxoperator_controller.go:156.76,161.2 1 0
